Started by user [8mha:////4EdD9UM5KdDpn/jCiCpN2Fu0oJiFmCGa45AympJ/V112AAAAmB+LCAAAAAAAAP9b85aBtbiIQTGjNKU4P08vOT+vOD8nVc83PyU1x6OyILUoJzMv2y+/JJUBAhiZGBgqihhk0NSjKDWzXb3RdlLBUSYGJk8GtpzUvPSSDB8G5tKinBIGIZ+sxLJE/ZzEvHT94JKizLx0a6BxUmjGOUNodHsLgAy2EgYe/dLi1CL9xLyU4qpUADhs7M7BAAAA[0mAndSze
Building in workspace C:\Projects\Test_Integration_Jenkins\CI_tool\Jenkins\workspace\CI_tool_build_trigger_job
 > git.exe rev-parse --is-inside-work-tree # timeout=10
Fetching changes from the remote Git repository
 > git.exe config remote.origin.url https://gitlab.com/AndSze/CI_tool_for_an_optimal_test_suite_selection.git # timeout=10
Fetching upstream changes from https://gitlab.com/AndSze/CI_tool_for_an_optimal_test_suite_selection.git
 > git.exe --version # timeout=10
using GIT_ASKPASS to set credentials 
 > git.exe fetch --tags --progress https://gitlab.com/AndSze/CI_tool_for_an_optimal_test_suite_selection.git +refs/heads/*:refs/remotes/origin/*
 > git.exe rev-parse "refs/remotes/origin/master^{commit}" # timeout=10
 > git.exe rev-parse "refs/remotes/origin/origin/master^{commit}" # timeout=10
Checking out Revision cbf991276abba1b8f29bd2d4fa0ee90a793dd641 (refs/remotes/origin/master)
 > git.exe config core.sparsecheckout # timeout=10
 > git.exe checkout -f cbf991276abba1b8f29bd2d4fa0ee90a793dd641
Commit message: "delete of temporary changes to source code to trigger optimal test suite selection"
 > git.exe rev-list --no-walk cbf991276abba1b8f29bd2d4fa0ee90a793dd641 # timeout=10
[CI_tool_build_trigger_job] $ cmd.exe /C "mvn -f C:\Projects\Test_Integration_Jenkins\CI_tool\master\JavaWorkspace_MT\UnitUnderTest clean && exit %%ERRORLEVEL%%"
[INFO] Scanning for projects...
[INFO] 
[INFO] ------------------------< andsze:UnitUnderTest >------------------------
[INFO] Building UnitUnderTest 0.0.1-SNAPSHOT
[INFO] --------------------------------[ jar ]---------------------------------
[INFO] 
[8mha:////4JhNr9f5fXnuM4nCi/n2AGJcIl/QHiyD8imrwPXFEtEYAAAAYB+LCAAAAAAAAP9b85aBtbiIQSmjNKU4P0+vJLE4u1gvPjexLDVPzxdEGvvmZ+X75ZekLlOVfvTjc8FPJgaGiiIGKaiG5Py84vycVD1nCA1SyAABjCCFBQCV27OjYAAAAA==[0m[INFO] --- maven-clean-plugin:2.5:clean (default-clean) @ UnitUnderTest ---
[INFO] Deleting C:\Projects\Test_Integration_Jenkins\CI_tool\master\JavaWorkspace_MT\UnitUnderTest\target
[INFO] ------------------------------------------------------------------------
[INFO] BUILD FAILURE
[INFO] ------------------------------------------------------------------------
[INFO] Total time: 1.640 s
[INFO] Finished at: 2018-08-24T19:30:17+02:00
[INFO] ------------------------------------------------------------------------
[8mha:////4AXvsFKsceAtMQgpB4qciBP9aty1inxEgS/LiGR/VVkGAAAAYB+LCAAAAAAAAP9b85aBtbiIQSmjNKU4P0+vJLE4u1gvPjexLDVPzxdEuhYV5Rf55ZekOlc7RKnPKH7IxMBQUcQgBdWQnJ9XnJ+TqucMoUEKGSCAEaSwAACsNFCqYAAAAA==[0m[ERROR] Failed to execute goal org.apache.maven.plugins:maven-clean-plugin:2.5:clean (default-clean) on project UnitUnderTest: Failed to clean project: Failed to delete C:\Projects\Test_Integration_Jenkins\CI_tool\master\JavaWorkspace_MT\UnitUnderTest\target\surefire\surefirebooter6735048407263535705.jar -> [Help 1]
[8mha:////4AXvsFKsceAtMQgpB4qciBP9aty1inxEgS/LiGR/VVkGAAAAYB+LCAAAAAAAAP9b85aBtbiIQSmjNKU4P0+vJLE4u1gvPjexLDVPzxdEuhYV5Rf55ZekOlc7RKnPKH7IxMBQUcQgBdWQnJ9XnJ+TqucMoUEKGSCAEaSwAACsNFCqYAAAAA==[0m[ERROR] 
[8mha:////4AXvsFKsceAtMQgpB4qciBP9aty1inxEgS/LiGR/VVkGAAAAYB+LCAAAAAAAAP9b85aBtbiIQSmjNKU4P0+vJLE4u1gvPjexLDVPzxdEuhYV5Rf55ZekOlc7RKnPKH7IxMBQUcQgBdWQnJ9XnJ+TqucMoUEKGSCAEaSwAACsNFCqYAAAAA==[0m[ERROR] To see the full stack trace of the errors, re-run Maven with the -e switch.
[8mha:////4AXvsFKsceAtMQgpB4qciBP9aty1inxEgS/LiGR/VVkGAAAAYB+LCAAAAAAAAP9b85aBtbiIQSmjNKU4P0+vJLE4u1gvPjexLDVPzxdEuhYV5Rf55ZekOlc7RKnPKH7IxMBQUcQgBdWQnJ9XnJ+TqucMoUEKGSCAEaSwAACsNFCqYAAAAA==[0m[ERROR] Re-run Maven using the -X switch to enable full debug logging.
[8mha:////4AXvsFKsceAtMQgpB4qciBP9aty1inxEgS/LiGR/VVkGAAAAYB+LCAAAAAAAAP9b85aBtbiIQSmjNKU4P0+vJLE4u1gvPjexLDVPzxdEuhYV5Rf55ZekOlc7RKnPKH7IxMBQUcQgBdWQnJ9XnJ+TqucMoUEKGSCAEaSwAACsNFCqYAAAAA==[0m[ERROR] 
[8mha:////4AXvsFKsceAtMQgpB4qciBP9aty1inxEgS/LiGR/VVkGAAAAYB+LCAAAAAAAAP9b85aBtbiIQSmjNKU4P0+vJLE4u1gvPjexLDVPzxdEuhYV5Rf55ZekOlc7RKnPKH7IxMBQUcQgBdWQnJ9XnJ+TqucMoUEKGSCAEaSwAACsNFCqYAAAAA==[0m[ERROR] For more information about the errors and possible solutions, please read the following articles:
[8mha:////4AXvsFKsceAtMQgpB4qciBP9aty1inxEgS/LiGR/VVkGAAAAYB+LCAAAAAAAAP9b85aBtbiIQSmjNKU4P0+vJLE4u1gvPjexLDVPzxdEuhYV5Rf55ZekOlc7RKnPKH7IxMBQUcQgBdWQnJ9XnJ+TqucMoUEKGSCAEaSwAACsNFCqYAAAAA==[0m[ERROR] [Help 1] http://cwiki.apache.org/confluence/display/MAVEN/MojoExecutionException
Build step 'Invoke top-level Maven targets' marked build as failure
Finished: FAILURE
