Started by upstream project "[8mha:////4OkcOq2nM9LImFZxPglnJ8eVPMHRZDizPLUX/jzHaoHdAAAAsB+LCAAAAAAAAP9b85aBtbiIQTGjNKU4P08vOT+vOD8nVc83PyU1x6OyILUoJzMv2y+/JJUBAhiZGBgqihhk0NSjKDWzXb3RdlLBUSYGJk8GtpzUvPSSDB8G5tKinBIGIZ+sxLJE/ZzEvHT94JKizLx0a6BxUmjGOUNodHsLgAy5EgYV/az8JH1nz/iS/Pyc+KLSvPj8gpLM3MSc+JLU4pL44tLMklR9AG+UlqfZAAAA[0mCI_tool_run_optimal_test_suite" build number [8mha:////4ETvvXo444fKFTndWrqwGnZxoxnklNGeFFUUB7BkzQJrAAAAsB+LCAAAAAAAAP9b85aBtbiIQTGjNKU4P08vOT+vOD8nVc83PyU1x6OyILUoJzMv2y+/JJUBAhiZGBgqihhk0NSjKDWzXb3RdlLBUSYGJk8GtpzUvPSSDB8G5tKinBIGIZ+sxLJE/ZzEvHT94JKizLx0a6BxUmjGOUNodHsLQIwSBlX9rPwkfWfP+JL8/Jz4otK8+PyCkszcxJz4ktTikvji0sySVH1DALilglHaAAAA[0m1
originally caused by:
 Started by upstream project "[8mha:////4BVBxT9v/iS6BuLx4cgdTd5Bnq/1vGAYPwRYiQz/PZlCAAAAwB+LCAAAAAAAAP9djbENwjAURD9BMAAlomGBuKOBVGlAAhoGsEz4Shw+/pb9g8garAENQzAOOxCJilxzp9PT3fMDoxhgXjWnyC4t2EUmTHd8Qlq3HgNZd96zIPw0SABuAWY9/g9dZI9XdvfvBJINjAldKdUWhk0ggcm2NlejyLhSHSRYVy67uWlvLv95/9d3YSGwUjUfVb7Rwkw6NE77Vip2OhbBeulqHZGwEM1e7MWQFoyiY2MF1Re4Ebpr8QAAAA==[0mCI_tool_run_python_script_to_select_optimal_test_suite" build number [8mha:////4AIF82DOvIXcvjrFACb7Xk9Tzucq3ls8AWx45dj13JRCAAAAwR+LCAAAAAAAAP9djbENwjAURD9BMAAlomGBWKKgQanSgAQ0DGCZ8JU4fPwt+weRNVgDGoZgHHYAREWuudPp6e7+gkEMMK2aQ2SXFuwiE6YbPiAtW4+BrDtuWRB+6iUAlwCTDv+HzrPbI7v6ZwLJCoaErpRqDf0mkMBoXZuzUWRcqXYSrCsXn7lxZy7/effXf4NApmreq3ylhZl0aJz2rVTsdCyC9fKpdUTCQjR7sSdDWjCKjo0VVLM3lWrC+fIAAAA=[0m2
 originally caused by:
  Started by upstream project "[8mha:////4JGoR6eAZ9ZtJiBhlR9FgB8vtUV78l7vbt/Lt/Wxq9WDAAAAuB+LCAAAAAAAAP9b85aBtbiIQTGjNKU4P08vOT+vOD8nVc83PyU1x6OyILUoJzMv2y+/JJUBAhiZGBgqihhk0NSjKDWzXb3RdlLBUSYGJk8GtpzUvPSSDB8G5tKinBIGIZ+sxLJE/ZzEvHT94JKizLx0a6BxUmjGOUNodHsLgAy1EgYd/az8JH1nz/iS/Pyc+OLKvOSMovy8zKrU+Jz85MSc+KLUgvzizJL8oszUYn0AxXsr3+EAAAA=[0mCI_tool_synchronize_local_repositories" build number [8mha:////4JMZg6iqBlAZdtKNFCT3sVzBiRR/zuLZQZrzgU3DIJc6AAAAuB+LCAAAAAAAAP9b85aBtbiIQTGjNKU4P08vOT+vOD8nVc83PyU1x6OyILUoJzMv2y+/JJUBAhiZGBgqihhk0NSjKDWzXb3RdlLBUSYGJk8GtpzUvPSSDB8G5tKinBIGIZ+sxLJE/ZzEvHT94JKizLx0a6BxUmjGOUNodHsLQIwSBl39rPwkfWfP+JL8/Jz44sq85Iyi/LzMqtT4nPzkxJz4otSC/OLMkvyizNRifRMAr+LKl+IAAAA=[0m4
  originally caused by:
   Started by upstream project "[8mha:////4MuHVOlvhDOr6u2K9Q6fnJxW37dsh4h3GWWeBr3bNQCMAAAAqB+LCAAAAAAAAP9b85aBtbiIQTGjNKU4P08vOT+vOD8nVc83PyU1x6OyILUoJzMv2y+/JJUBAhiZGBgqihhk0NSjKDWzXb3RdlLBUSYGJk8GtpzUvPSSDB8G5tKinBIGIZ+sxLJE/ZzEvHT94JKizLx0a6BxUmjGOUNodHsLgAzJEgZ5/az8JH1nz/iS/Pyc+KTSzJyUeKBR6empRfEgGQC0MYaa1AAAAA==[0mCI_tool_build_trigger_job" build number [8mha:////4BXv8v1P4sh3/t2fwgRLEHZe0pKyqDFdfuyE+Smazm8KAAAAqh+LCAAAAAAAAP9b85aBtbiIQTGjNKU4P08vOT+vOD8nVc83PyU1x6OyILUoJzMv2y+/JJUBAhiZGBgqihhk0NSjKDWzXb3RdlLBUSYGJk8GtpzUvPSSDB8G5tKinBIGIZ+sxLJE/ZzEvHT94JKizLx0a6BxUmjGOUNodHsLgAymEgZF/az8JH1nz/iS/Pyc+KTSzJyUeKBR6empRfEgGUNjAFgIbEfWAAAA[0m13
   originally caused by:
    Started by user [8mha:////4EdD9UM5KdDpn/jCiCpN2Fu0oJiFmCGa45AympJ/V112AAAAmB+LCAAAAAAAAP9b85aBtbiIQTGjNKU4P08vOT+vOD8nVc83PyU1x6OyILUoJzMv2y+/JJUBAhiZGBgqihhk0NSjKDWzXb3RdlLBUSYGJk8GtpzUvPSSDB8G5tKinBIGIZ+sxLJE/ZzEvHT94JKizLx0a6BxUmjGOUNodHsLgAy2EgYe/dLi1CL9xLyU4qpUADhs7M7BAAAA[0mAndSze
Building in workspace C:\Projects\Test_Integration_Jenkins\CI_tool\Jenkins\workspace\CI_tool_run_integration_sanity_test
[CI_tool_run_integration_sanity_test] $ cmd.exe /C "mvn -f C:\Projects\Test_Integration_Jenkins\CI_tool\master\JavaWorkspace_MT\UnitUnderTest\pom.xml clean verify -P integration-test && exit %%ERRORLEVEL%%"
[INFO] Scanning for projects...
[INFO] 
[INFO] ------------------------< andsze:UnitUnderTest >------------------------
[INFO] Building UnitUnderTest 0.0.1-SNAPSHOT
[INFO] --------------------------------[ jar ]---------------------------------
[INFO] 
[8mha:////4JhNr9f5fXnuM4nCi/n2AGJcIl/QHiyD8imrwPXFEtEYAAAAYB+LCAAAAAAAAP9b85aBtbiIQSmjNKU4P0+vJLE4u1gvPjexLDVPzxdEGvvmZ+X75ZekLlOVfvTjc8FPJgaGiiIGKaiG5Py84vycVD1nCA1SyAABjCCFBQCV27OjYAAAAA==[0m[INFO] --- maven-clean-plugin:2.5:clean (default-clean) @ UnitUnderTest ---
[INFO] Deleting C:\Projects\Test_Integration_Jenkins\CI_tool\master\JavaWorkspace_MT\UnitUnderTest\target
[INFO] 
[8mha:////4JhNr9f5fXnuM4nCi/n2AGJcIl/QHiyD8imrwPXFEtEYAAAAYB+LCAAAAAAAAP9b85aBtbiIQSmjNKU4P0+vJLE4u1gvPjexLDVPzxdEGvvmZ+X75ZekLlOVfvTjc8FPJgaGiiIGKaiG5Py84vycVD1nCA1SyAABjCCFBQCV27OjYAAAAA==[0m[INFO] --- maven-resources-plugin:2.6:resources (default-resources) @ UnitUnderTest ---
[INFO] Using 'UTF-8' encoding to copy filtered resources.
[INFO] Copying 0 resource
[INFO] 
[8mha:////4JhNr9f5fXnuM4nCi/n2AGJcIl/QHiyD8imrwPXFEtEYAAAAYB+LCAAAAAAAAP9b85aBtbiIQSmjNKU4P0+vJLE4u1gvPjexLDVPzxdEGvvmZ+X75ZekLlOVfvTjc8FPJgaGiiIGKaiG5Py84vycVD1nCA1SyAABjCCFBQCV27OjYAAAAA==[0m[INFO] --- maven-compiler-plugin:3.5:compile (default-compile) @ UnitUnderTest ---
[INFO] Changes detected - recompiling the module!
[INFO] Compiling 36 source files to C:\Projects\Test_Integration_Jenkins\CI_tool\master\JavaWorkspace_MT\UnitUnderTest\target\classes
[INFO] ------------------------------------------------------------------------
[INFO] BUILD FAILURE
[INFO] ------------------------------------------------------------------------
[INFO] Total time: 1.637 s
[INFO] Finished at: 2018-08-24T19:26:27+02:00
[INFO] ------------------------------------------------------------------------
[8mha:////4AXvsFKsceAtMQgpB4qciBP9aty1inxEgS/LiGR/VVkGAAAAYB+LCAAAAAAAAP9b85aBtbiIQSmjNKU4P0+vJLE4u1gvPjexLDVPzxdEuhYV5Rf55ZekOlc7RKnPKH7IxMBQUcQgBdWQnJ9XnJ+TqucMoUEKGSCAEaSwAACsNFCqYAAAAA==[0m[ERROR] Failed to execute goal org.apache.maven.plugins:maven-compiler-plugin:3.5:compile (default-compile) on project UnitUnderTest: Compilation failure -> [Help 1]
[8mha:////4AXvsFKsceAtMQgpB4qciBP9aty1inxEgS/LiGR/VVkGAAAAYB+LCAAAAAAAAP9b85aBtbiIQSmjNKU4P0+vJLE4u1gvPjexLDVPzxdEuhYV5Rf55ZekOlc7RKnPKH7IxMBQUcQgBdWQnJ9XnJ+TqucMoUEKGSCAEaSwAACsNFCqYAAAAA==[0m[ERROR] 
[8mha:////4AXvsFKsceAtMQgpB4qciBP9aty1inxEgS/LiGR/VVkGAAAAYB+LCAAAAAAAAP9b85aBtbiIQSmjNKU4P0+vJLE4u1gvPjexLDVPzxdEuhYV5Rf55ZekOlc7RKnPKH7IxMBQUcQgBdWQnJ9XnJ+TqucMoUEKGSCAEaSwAACsNFCqYAAAAA==[0m[ERROR] To see the full stack trace of the errors, re-run Maven with the -e switch.
[8mha:////4AXvsFKsceAtMQgpB4qciBP9aty1inxEgS/LiGR/VVkGAAAAYB+LCAAAAAAAAP9b85aBtbiIQSmjNKU4P0+vJLE4u1gvPjexLDVPzxdEuhYV5Rf55ZekOlc7RKnPKH7IxMBQUcQgBdWQnJ9XnJ+TqucMoUEKGSCAEaSwAACsNFCqYAAAAA==[0m[ERROR] Re-run Maven using the -X switch to enable full debug logging.
[8mha:////4AXvsFKsceAtMQgpB4qciBP9aty1inxEgS/LiGR/VVkGAAAAYB+LCAAAAAAAAP9b85aBtbiIQSmjNKU4P0+vJLE4u1gvPjexLDVPzxdEuhYV5Rf55ZekOlc7RKnPKH7IxMBQUcQgBdWQnJ9XnJ+TqucMoUEKGSCAEaSwAACsNFCqYAAAAA==[0m[ERROR] 
[8mha:////4AXvsFKsceAtMQgpB4qciBP9aty1inxEgS/LiGR/VVkGAAAAYB+LCAAAAAAAAP9b85aBtbiIQSmjNKU4P0+vJLE4u1gvPjexLDVPzxdEuhYV5Rf55ZekOlc7RKnPKH7IxMBQUcQgBdWQnJ9XnJ+TqucMoUEKGSCAEaSwAACsNFCqYAAAAA==[0m[ERROR] For more information about the errors and possible solutions, please read the following articles:
[8mha:////4AXvsFKsceAtMQgpB4qciBP9aty1inxEgS/LiGR/VVkGAAAAYB+LCAAAAAAAAP9b85aBtbiIQSmjNKU4P0+vJLE4u1gvPjexLDVPzxdEuhYV5Rf55ZekOlc7RKnPKH7IxMBQUcQgBdWQnJ9XnJ+TqucMoUEKGSCAEaSwAACsNFCqYAAAAA==[0m[ERROR] [Help 1] http://cwiki.apache.org/confluence/display/MAVEN/MojoFailureException
Build step 'Invoke top-level Maven targets' marked build as failure
Finished: FAILURE
