Started by user [8mha:////4EdD9UM5KdDpn/jCiCpN2Fu0oJiFmCGa45AympJ/V112AAAAmB+LCAAAAAAAAP9b85aBtbiIQTGjNKU4P08vOT+vOD8nVc83PyU1x6OyILUoJzMv2y+/JJUBAhiZGBgqihhk0NSjKDWzXb3RdlLBUSYGJk8GtpzUvPSSDB8G5tKinBIGIZ+sxLJE/ZzEvHT94JKizLx0a6BxUmjGOUNodHsLgAy2EgYe/dLi1CL9xLyU4qpUADhs7M7BAAAA[0mAndSze
Building in workspace C:\Projects\Test_Integration_Jenkins\CI_tool\Jenkins\workspace\CI_tool_build_trigger_job
 > git.exe rev-parse --is-inside-work-tree # timeout=10
Fetching changes from the remote Git repository
 > git.exe config remote.origin.url https://gitlab.com/AndSze/CI_tool_for_an_optimal_test_suite_selection.git # timeout=10
Fetching upstream changes from https://gitlab.com/AndSze/CI_tool_for_an_optimal_test_suite_selection.git
 > git.exe --version # timeout=10
using GIT_ASKPASS to set credentials 
 > git.exe fetch --tags --progress https://gitlab.com/AndSze/CI_tool_for_an_optimal_test_suite_selection.git +refs/heads/*:refs/remotes/origin/*
 > git.exe rev-parse "refs/remotes/origin/master^{commit}" # timeout=10
 > git.exe rev-parse "refs/remotes/origin/origin/master^{commit}" # timeout=10
Checking out Revision 1b117cf3fac9a5e6f170e724b74871ef81c17e0f (refs/remotes/origin/master)
 > git.exe config core.sparsecheckout # timeout=10
 > git.exe checkout -f 1b117cf3fac9a5e6f170e724b74871ef81c17e0f
Commit message: "attempt to trigger jenkins job by commit"
 > git.exe rev-list --no-walk 2bcfcb22193e950a0a6d09969d8662bb6d059fb9 # timeout=10
[CI_tool_build_trigger_job] $ cmd.exe /C "mvn -f C:\Projects\Test_Integration_Jenkins\CI_tool\master\JavaWorkspace_MT\UnitUnderTest build && exit %%ERRORLEVEL%%"
[INFO] Scanning for projects...
[INFO] 
[INFO] ------------------------< andsze:UnitUnderTest >------------------------
[INFO] Building UnitUnderTest 0.0.1-SNAPSHOT
[INFO] --------------------------------[ jar ]---------------------------------
[INFO] ------------------------------------------------------------------------
[INFO] BUILD FAILURE
[INFO] ------------------------------------------------------------------------
[INFO] Total time: 0.110 s
[INFO] Finished at: 2018-08-24T18:23:08+02:00
[INFO] ------------------------------------------------------------------------
[8mha:////4AXvsFKsceAtMQgpB4qciBP9aty1inxEgS/LiGR/VVkGAAAAYB+LCAAAAAAAAP9b85aBtbiIQSmjNKU4P0+vJLE4u1gvPjexLDVPzxdEuhYV5Rf55ZekOlc7RKnPKH7IxMBQUcQgBdWQnJ9XnJ+TqucMoUEKGSCAEaSwAACsNFCqYAAAAA==[0m[ERROR] Unknown lifecycle phase "build". You must specify a valid lifecycle phase or a goal in the format <plugin-prefix>:<goal> or <plugin-group-id>:<plugin-artifact-id>[:<plugin-version>]:<goal>. Available lifecycle phases are: validate, initialize, generate-sources, process-sources, generate-resources, process-resources, compile, process-classes, generate-test-sources, process-test-sources, generate-test-resources, process-test-resources, test-compile, process-test-classes, test, prepare-package, package, pre-integration-test, integration-test, post-integration-test, verify, install, deploy, pre-clean, clean, post-clean, pre-site, site, post-site, site-deploy. -> [Help 1]
[8mha:////4AXvsFKsceAtMQgpB4qciBP9aty1inxEgS/LiGR/VVkGAAAAYB+LCAAAAAAAAP9b85aBtbiIQSmjNKU4P0+vJLE4u1gvPjexLDVPzxdEuhYV5Rf55ZekOlc7RKnPKH7IxMBQUcQgBdWQnJ9XnJ+TqucMoUEKGSCAEaSwAACsNFCqYAAAAA==[0m[ERROR] 
[8mha:////4AXvsFKsceAtMQgpB4qciBP9aty1inxEgS/LiGR/VVkGAAAAYB+LCAAAAAAAAP9b85aBtbiIQSmjNKU4P0+vJLE4u1gvPjexLDVPzxdEuhYV5Rf55ZekOlc7RKnPKH7IxMBQUcQgBdWQnJ9XnJ+TqucMoUEKGSCAEaSwAACsNFCqYAAAAA==[0m[ERROR] To see the full stack trace of the errors, re-run Maven with the -e switch.
[8mha:////4AXvsFKsceAtMQgpB4qciBP9aty1inxEgS/LiGR/VVkGAAAAYB+LCAAAAAAAAP9b85aBtbiIQSmjNKU4P0+vJLE4u1gvPjexLDVPzxdEuhYV5Rf55ZekOlc7RKnPKH7IxMBQUcQgBdWQnJ9XnJ+TqucMoUEKGSCAEaSwAACsNFCqYAAAAA==[0m[ERROR] Re-run Maven using the -X switch to enable full debug logging.
[8mha:////4AXvsFKsceAtMQgpB4qciBP9aty1inxEgS/LiGR/VVkGAAAAYB+LCAAAAAAAAP9b85aBtbiIQSmjNKU4P0+vJLE4u1gvPjexLDVPzxdEuhYV5Rf55ZekOlc7RKnPKH7IxMBQUcQgBdWQnJ9XnJ+TqucMoUEKGSCAEaSwAACsNFCqYAAAAA==[0m[ERROR] 
[8mha:////4AXvsFKsceAtMQgpB4qciBP9aty1inxEgS/LiGR/VVkGAAAAYB+LCAAAAAAAAP9b85aBtbiIQSmjNKU4P0+vJLE4u1gvPjexLDVPzxdEuhYV5Rf55ZekOlc7RKnPKH7IxMBQUcQgBdWQnJ9XnJ+TqucMoUEKGSCAEaSwAACsNFCqYAAAAA==[0m[ERROR] For more information about the errors and possible solutions, please read the following articles:
[8mha:////4AXvsFKsceAtMQgpB4qciBP9aty1inxEgS/LiGR/VVkGAAAAYB+LCAAAAAAAAP9b85aBtbiIQSmjNKU4P0+vJLE4u1gvPjexLDVPzxdEuhYV5Rf55ZekOlc7RKnPKH7IxMBQUcQgBdWQnJ9XnJ+TqucMoUEKGSCAEaSwAACsNFCqYAAAAA==[0m[ERROR] [Help 1] http://cwiki.apache.org/confluence/display/MAVEN/LifecyclePhaseNotFoundException
Build step 'Invoke top-level Maven targets' marked build as failure
Finished: FAILURE
